# JRE version: Java(TM) SE Runtime Environment (8.0_102-b14) (build 1.8.0_102-b14)
# Java VM: Java HotSpot(TM) Server VM (25.102-b14 mixed mode linux-x86 )
Heap:
 PSYoungGen      total 98816K, used 7933K [0xd1ac0000, 0xd8440000, 0xe7000000)
  eden space 90880K, 0% used [0xd1ac0000,0xd1ac0000,0xd7380000)
  from space 7936K, 99% used [0xd74c0000,0xd7c7f630,0xd7c80000)
  to   space 3840K, 0% used [0xd8080000,0xd8080000,0xd8440000)
 ParOldGen       total 32000K, used 14734K [0xa7000000, 0xa8f40000, 0xd1ac0000)
  object space 32000K, 46% used [0xa7000000,0xa7e639d0,0xa8f40000)
 Metaspace       used 21565K, capacity 21964K, committed 22016K, reserved 22832K
GC Heap History (10 events):
Event: 21,179 GC heap after
Heap after GC invocations=7 (full 0):
 PSYoungGen      total 37376K, used 6350K [0xd1ac0000, 0xd6540000, 0xe7000000)
  eden space 30208K, 0% used [0xd1ac0000,0xd1ac0000,0xd3840000)
  from space 7168K, 88% used [0xd3840000,0xd3e73ab8,0xd3f40000)
  to   space 7936K, 0% used [0xd5d80000,0xd5d80000,0xd6540000)
 ParOldGen       total 40960K, used 7224K [0xa7000000, 0xa9800000, 0xd1ac0000)
  object space 40960K, 17% used [0xa7000000,0xa770e3f8,0xa9800000)
 Metaspace       used 13617K, capacity 13919K, committed 13976K, reserved 14640K
}
Event: 26,266 GC heap before
{Heap before GC invocations=8 (full 0):
 PSYoungGen      total 37376K, used 36558K [0xd1ac0000, 0xd6540000, 0xe7000000)
  eden space 30208K, 100% used [0xd1ac0000,0xd3840000,0xd3840000)
  from space 7168K, 88% used [0xd3840000,0xd3e73ab8,0xd3f40000)
  to   space 7936K, 0% used [0xd5d80000,0xd5d80000,0xd6540000)
 ParOldGen       total 40960K, used 7224K [0xa7000000, 0xa9800000, 0xd1ac0000)
  object space 40960K, 17% used [0xa7000000,0xa770e3f8,0xa9800000)
 Metaspace       used 15153K, capacity 15476K, committed 15512K, reserved 15664K
Event: 26,409 GC heap after
Heap after GC invocations=8 (full 0):
 PSYoungGen      total 67840K, used 6519K [0xd1ac0000, 0xd6640000, 0xe7000000)
  eden space 59904K, 0% used [0xd1ac0000,0xd1ac0000,0xd5540000)
  from space 7936K, 82% used [0xd5d80000,0xd63dde98,0xd6540000)
  to   space 8448K, 0% used [0xd5540000,0xd5540000,0xd5d80000)
 ParOldGen       total 40960K, used 8369K [0xa7000000, 0xa9800000, 0xd1ac0000)
  object space 40960K, 20% used [0xa7000000,0xa782c4c8,0xa9800000)
 Metaspace       used 15153K, capacity 15476K, committed 15512K, reserved 15664K
}
Event: 28,215 GC heap before
{Heap before GC invocations=9 (full 0):
 PSYoungGen      total 67840K, used 22404K [0xd1ac0000, 0xd6640000, 0xe7000000)
  eden space 59904K, 26% used [0xd1ac0000,0xd2a431a8,0xd5540000)
  from space 7936K, 82% used [0xd5d80000,0xd63dde98,0xd6540000)
  to   space 8448K, 0% used [0xd5540000,0xd5540000,0xd5d80000)
 ParOldGen       total 40960K, used 8369K [0xa7000000, 0xa9800000, 0xd1ac0000)
  object space 40960K, 20% used [0xa7000000,0xa782c4c8,0xa9800000)
 Metaspace       used 16020K, capacity 16340K, committed 16384K, reserved 16688K
Event: 28,220 GC heap after
Heap after GC invocations=9 (full 0):
 PSYoungGen      total 68352K, used 4902K [0xd1ac0000, 0xd8880000, 0xe7000000)
  eden space 59904K, 0% used [0xd1ac0000,0xd1ac0000,0xd5540000)
  from space 8448K, 58% used [0xd5540000,0xd5a098f0,0xd5d80000)
  to   space 8192K, 0% used [0xd8080000,0xd8080000,0xd8880000)
 ParOldGen       total 40960K, used 9716K [0xa7000000, 0xa9800000, 0xd1ac0000)
  object space 40960K, 23% used [0xa7000000,0xa797d1e8,0xa9800000)
 Metaspace       used 16020K, capacity 16340K, committed 16384K, reserved 16688K
}
Event: 28,220 GC heap before
{Heap before GC invocations=10 (full 1):
 PSYoungGen      total 68352K, used 4902K [0xd1ac0000, 0xd8880000, 0xe7000000)
  eden space 59904K, 0% used [0xd1ac0000,0xd1ac0000,0xd5540000)
  from space 8448K, 58% used [0xd5540000,0xd5a098f0,0xd5d80000)
  to   space 8192K, 0% used [0xd8080000,0xd8080000,0xd8880000)
 ParOldGen       total 40960K, used 9716K [0xa7000000, 0xa9800000, 0xd1ac0000)
  object space 40960K, 23% used [0xa7000000,0xa797d1e8,0xa9800000)
 Metaspace       used 16020K, capacity 16340K, committed 16384K, reserved 16688K
Event: 28,269 GC heap after
Heap after GC invocations=10 (full 1):
 PSYoungGen      total 68352K, used 0K [0xd1ac0000, 0xd8880000, 0xe7000000)
  eden space 59904K, 0% used [0xd1ac0000,0xd1ac0000,0xd5540000)
  from space 8448K, 0% used [0xd5540000,0xd5540000,0xd5d80000)
  to   space 8192K, 0% used [0xd8080000,0xd8080000,0xd8880000)
 ParOldGen       total 32000K, used 11278K [0xa7000000, 0xa8f40000, 0xd1ac0000)
  object space 32000K, 35% used [0xa7000000,0xa7b039d0,0xa8f40000)
 Metaspace       used 16020K, capacity 16340K, committed 16384K, reserved 16688K
}
Event: 64,211 GC heap before
{Heap before GC invocations=11 (full 1):
 PSYoungGen      total 68352K, used 59904K [0xd1ac0000, 0xd8880000, 0xe7000000)
  eden space 59904K, 100% used [0xd1ac0000,0xd5540000,0xd5540000)
  from space 8448K, 0% used [0xd5540000,0xd5540000,0xd5d80000)
  to   space 8192K, 0% used [0xd8080000,0xd8080000,0xd8880000)
 ParOldGen       total 32000K, used 11278K [0xa7000000, 0xa8f40000, 0xd1ac0000)
  object space 32000K, 35% used [0xa7000000,0xa7b039d0,0xa8f40000)
 Metaspace       used 17964K, capacity 18348K, committed 18432K, reserved 18736K
Event: 64,804 GC heap after
Heap after GC invocations=11 (full 1):
 PSYoungGen      total 94720K, used 3635K [0xd1ac0000, 0xd8440000, 0xe7000000)
  eden space 90880K, 0% used [0xd1ac0000,0xd1ac0000,0xd7380000)
  from space 3840K, 94% used [0xd8080000,0xd840ce80,0xd8440000)
  to   space 7936K, 0% used [0xd74c0000,0xd74c0000,0xd7c80000)
 ParOldGen       total 32000K, used 11350K [0xa7000000, 0xa8f40000, 0xd1ac0000)
  object space 32000K, 35% used [0xa7000000,0xa7b159e0,0xa8f40000)
 Metaspace       used 17964K, capacity 18348K, committed 18432K, reserved 18736K
}
Event: 278,987 GC heap before
{Heap before GC invocations=12 (full 1):
 PSYoungGen      total 94720K, used 94515K [0xd1ac0000, 0xd8440000, 0xe7000000)
  eden space 90880K, 100% used [0xd1ac0000,0xd7380000,0xd7380000)
  from space 3840K, 94% used [0xd8080000,0xd840ce80,0xd8440000)
  to   space 7936K, 0% used [0xd74c0000,0xd74c0000,0xd7c80000)
 ParOldGen       total 32000K, used 11350K [0xa7000000, 0xa8f40000, 0xd1ac0000)
  object space 32000K, 35% used [0xa7000000,0xa7b159e0,0xa8f40000)
 Metaspace       used 21565K, capacity 21964K, committed 22016K, reserved 22832K

